Change Component Footprint: Designator=P6 Old Footprint=1726470103 New Footprint=CON_1053091203
Change Component Footprint: Designator=P7 Old Footprint=1726470103 New Footprint=CON_1053091203
Change Component Footprint: Designator=P8 Old Footprint=1726470103 New Footprint=CON_1053091203
Change component parameters: Designator = "P6"; Footprint = "CON_1053091203"; UniqueID = "\JIXPQNCJ"
Change component parameters. Clean all parameters for all variants
Change component parameters (AddParameter): Name = "Copyright"; Value = "Copyright (C) 2021 Accelerated Designs. All rights reserved"; VariantName = "[No Variations]"
Change component parameters (AddParameter): Name = "Manufacturer_Part_Number"; Value = "1053091203"; VariantName = "[No Variations]"
Change component parameters (AddParameter): Name = "RefDes"; Value = "RefDes"; VariantName = "[No Variations]"
Change component parameters (AddParameter): Name = "SourceLibrary"; Value = "Add_to_database_2021-01-18"; VariantName = "[No Variations]"
Change component parameters (AddParameter): Name = "Type"; Value = "DEV"; VariantName = "[No Variations]"
Change component parameters (AddParameter): Name = "Vendor"; Value = "Molex Connector Corporation"; VariantName = "[No Variations]"
Change component parameters: Designator = "P7"; Footprint = "CON_1053091203"; UniqueID = "\GSMWFNGO"
Change component parameters. Clean all parameters for all variants
Change component parameters (AddParameter): Name = "Copyright"; Value = "Copyright (C) 2021 Accelerated Designs. All rights reserved"; VariantName = "[No Variations]"
Change component parameters (AddParameter): Name = "Manufacturer_Part_Number"; Value = "1053091203"; VariantName = "[No Variations]"
Change component parameters (AddParameter): Name = "RefDes"; Value = "RefDes"; VariantName = "[No Variations]"
Change component parameters (AddParameter): Name = "SourceLibrary"; Value = "Add_to_database_2021-01-18"; VariantName = "[No Variations]"
Change component parameters (AddParameter): Name = "Type"; Value = "DEV"; VariantName = "[No Variations]"
Change component parameters (AddParameter): Name = "Vendor"; Value = "Molex Connector Corporation"; VariantName = "[No Variations]"
Change component parameters: Designator = "P8"; Footprint = "CON_1053091203"; UniqueID = "\RXXFCUNQ"
Change component parameters. Clean all parameters for all variants
Change component parameters (AddParameter): Name = "Copyright"; Value = "Copyright (C) 2021 Accelerated Designs. All rights reserved"; VariantName = "[No Variations]"
Change component parameters (AddParameter): Name = "Manufacturer_Part_Number"; Value = "1053091203"; VariantName = "[No Variations]"
Change component parameters (AddParameter): Name = "RefDes"; Value = "RefDes"; VariantName = "[No Variations]"
Change component parameters (AddParameter): Name = "SourceLibrary"; Value = "Add_to_database_2021-01-18"; VariantName = "[No Variations]"
Change component parameters (AddParameter): Name = "Type"; Value = "DEV"; VariantName = "[No Variations]"
Change component parameters (AddParameter): Name = "Vendor"; Value = "Molex Connector Corporation"; VariantName = "[No Variations]"
Added Component: Designator=J?(CON_1053091203)
Add component. Clean all parameters for all variants
Add component (AddParameter): Name = "Copyright"; Value = "Copyright (C) 2021 Accelerated Designs. All rights reserved"; VariantName = "[No Variations]"
Add component (AddParameter): Name = "Manufacturer_Part_Number"; Value = "1053091203"; VariantName = "[No Variations]"
Add component (AddParameter): Name = "RefDes"; Value = "RefDes"; VariantName = "[No Variations]"
Add component (AddParameter): Name = "SourceLibrary"; Value = "Add_to_database_2021-01-18"; VariantName = "[No Variations]"
Add component (AddParameter): Name = "Type"; Value = "DEV"; VariantName = "[No Variations]"
Add component (AddParameter): Name = "Vendor"; Value = "Molex Connector Corporation"; VariantName = "[No Variations]"
Added Member To Class: ClassName=arm_v4 Member=Component J? 1053091203
Added Member To Class: ClassName=arm_v4 Member=Component P8 BDC_C
Added Member To Class: ClassName=arm_v4 Member=Component P9 76825-0006
