Removed Pin From Net: NetName=+24V Pin=C31-2
Removed Pin From Net: NetName=GND Pin=C32-1
Removed Pin From Net: NetName=+24V Pin=C32-2
Removed Pin From Net: NetName=GND Pin=C33-1
Removed Pin From Net: NetName=+24V Pin=C33-2
Removed Pin From Net: NetName=+24V Pin=C35-2
Removed Pin From Net: NetName=GND Pin=C36-1
Removed Pin From Net: NetName=+24V Pin=C36-2
Removed Pin From Net: NetName=GND Pin=C37-1
Removed Pin From Net: NetName=+24V Pin=C37-2
Removed Pin From Net: NetName=+24V Pin=C39-2
Removed Pin From Net: NetName=GND Pin=C40-1
Removed Pin From Net: NetName=+24V Pin=C40-2
Removed Pin From Net: NetName=GND Pin=C41-1
Removed Pin From Net: NetName=+24V Pin=C41-2
Removed Pin From Net: NetName=nFLT_A Pin=R15-1
Removed Pin From Net: NetName=+5V Pin=R15-2
Removed Pin From Net: NetName=IPROPI_A Pin=R16-1
Removed Pin From Net: NetName=GND Pin=R16-2
Removed Pin From Net: NetName=+5V Pin=R17-1
Removed Pin From Net: NetName=GND Pin=R18-2
Removed Pin From Net: NetName=+5V Pin=R19-1
Removed Pin From Net: NetName=nFLT_B Pin=R19-2
Removed Pin From Net: NetName=IPROPI_B Pin=R20-1
Removed Pin From Net: NetName=GND Pin=R20-2
Removed Pin From Net: NetName=+5V Pin=R21-1
Removed Pin From Net: NetName=GND Pin=R22-2
Removed Pin From Net: NetName=+5V Pin=R23-1
Removed Pin From Net: NetName=nFLT_C Pin=R23-2
Removed Pin From Net: NetName=IPROPI_C Pin=R24-1
Removed Pin From Net: NetName=GND Pin=R24-2
Removed Pin From Net: NetName=+5V Pin=R25-1
Removed Pin From Net: NetName=GND Pin=R26-2
Removed Pin From Net: NetName=IN1_A Pin=U4-1
Removed Pin From Net: NetName=IN2_A Pin=U4-2
Removed Pin From Net: NetName=nSLEEP_A Pin=U4-3
Removed Pin From Net: NetName=nFLT_A Pin=U4-4
Removed Pin From Net: NetName=IPROPI_A Pin=U4-6
Removed Pin From Net: NetName=GND Pin=U4-7
Removed Pin From Net: NetName=OUT1_A Pin=U4-8
Removed Pin From Net: NetName=GND Pin=U4-9
Removed Pin From Net: NetName=OUT2_A Pin=U4-10
Removed Pin From Net: NetName=+24V Pin=U4-11
Removed Pin From Net: NetName=GND Pin=U4-15
Removed Pin From Net: NetName=GND Pin=U4-16
Removed Pin From Net: NetName=IN1_B Pin=U5-1
Removed Pin From Net: NetName=IN2_B Pin=U5-2
Removed Pin From Net: NetName=nSLEEP_B Pin=U5-3
Removed Pin From Net: NetName=nFLT_B Pin=U5-4
Removed Pin From Net: NetName=IPROPI_B Pin=U5-6
Removed Pin From Net: NetName=GND Pin=U5-7
Removed Pin From Net: NetName=OUT1_B Pin=U5-8
Removed Pin From Net: NetName=GND Pin=U5-9
Removed Pin From Net: NetName=OUT2_B Pin=U5-10
Removed Pin From Net: NetName=+24V Pin=U5-11
Removed Pin From Net: NetName=GND Pin=U5-15
Removed Pin From Net: NetName=GND Pin=U5-16
Removed Pin From Net: NetName=IN1_C Pin=U6-1
Removed Pin From Net: NetName=IN2_C Pin=U6-2
Removed Pin From Net: NetName=nSLEEP_C Pin=U6-3
Removed Pin From Net: NetName=nFLT_C Pin=U6-4
Removed Pin From Net: NetName=IPROPI_C Pin=U6-6
Removed Pin From Net: NetName=GND Pin=U6-7
Removed Pin From Net: NetName=OUT1_C Pin=U6-8
Removed Pin From Net: NetName=GND Pin=U6-9
Removed Pin From Net: NetName=OUT2_C Pin=U6-10
Removed Pin From Net: NetName=+24V Pin=U6-11
Removed Pin From Net: NetName=GND Pin=U6-15
Removed Pin From Net: NetName=GND Pin=U6-16
Removed Member From Class: ClassName=arm_v3 Member=C30
Removed Member From Class: ClassName=arm_v3 Member=C31
Removed Member From Class: ClassName=arm_v3 Member=C32
Removed Member From Class: ClassName=arm_v3 Member=C33
Removed Member From Class: ClassName=arm_v3 Member=C34
Removed Member From Class: ClassName=arm_v3 Member=C35
Removed Member From Class: ClassName=arm_v3 Member=C36
Removed Member From Class: ClassName=arm_v3 Member=C37
Removed Member From Class: ClassName=arm_v3 Member=C38
Removed Member From Class: ClassName=arm_v3 Member=C39
Removed Member From Class: ClassName=arm_v3 Member=C40
Removed Member From Class: ClassName=arm_v3 Member=C41
Removed Member From Class: ClassName=arm_v3 Member=R15
Removed Member From Class: ClassName=arm_v3 Member=R16
Removed Member From Class: ClassName=arm_v3 Member=R17
Removed Member From Class: ClassName=arm_v3 Member=R18
Removed Member From Class: ClassName=arm_v3 Member=R19
Removed Member From Class: ClassName=arm_v3 Member=R20
Removed Member From Class: ClassName=arm_v3 Member=R21
Removed Member From Class: ClassName=arm_v3 Member=R22
Removed Member From Class: ClassName=arm_v3 Member=R23
Removed Member From Class: ClassName=arm_v3 Member=R24
Removed Member From Class: ClassName=arm_v3 Member=R25
Removed Member From Class: ClassName=arm_v3 Member=R26
Removed Member From Class: ClassName=arm_v3 Member=U4
Removed Member From Class: ClassName=arm_v3 Member=U5
Removed Member From Class: ClassName=arm_v3 Member=U6
Change Class Name : Old Net Name=arm_v3 New Net Name=arm_v4
