Replace Part BDC Connector MHDR2X2 in C:\Users\tyler\OneDrive\Documents\McGill University\McGill Year 5 (2020-2021)\Robotics\rover-pcb-master\Projects\MCU\TM4C123GH6PMI.SchDoc with MHDR2X2 from Miscellaneous Connectors.IntLib
Replace Part C1 100uF_35v_6.3x12.5 in C:\Users\tyler\OneDrive\Documents\McGill University\McGill Year 5 (2020-2021)\Robotics\rover-pcb-master\Projects\MCU\TM4C123GH6PMI.SchDoc with 100uF_35v_6.3x12.5 from Capacitors.SchLib
Replace Part C2 10nF_500V_1206 in C:\Users\tyler\OneDrive\Documents\McGill University\McGill Year 5 (2020-2021)\Robotics\rover-pcb-master\Projects\MCU\TM4C123GH6PMI.SchDoc with 10nF_500V_1206 from Capacitors.SchLib
Replace Part C3 10nF_50V_0402 in C:\Users\tyler\OneDrive\Documents\McGill University\McGill Year 5 (2020-2021)\Robotics\rover-pcb-master\Projects\MCU\TM4C123GH6PMI.SchDoc with 10nF_50V_0402 from Capacitors.SchLib
Replace Part C4 100nF_50V_0402 in C:\Users\tyler\OneDrive\Documents\McGill University\McGill Year 5 (2020-2021)\Robotics\rover-pcb-master\Projects\MCU\TM4C123GH6PMI.SchDoc with 100nF_50V_0402 from Capacitors.SchLib
Replace Part C5 2.2uF_10V_0402 in C:\Users\tyler\OneDrive\Documents\McGill University\McGill Year 5 (2020-2021)\Robotics\rover-pcb-master\Projects\MCU\TM4C123GH6PMI.SchDoc with 2.2uF_10V_0402 from Capacitors.SchLib
Replace Part C6 2.2uF_10V_0402 in C:\Users\tyler\OneDrive\Documents\McGill University\McGill Year 5 (2020-2021)\Robotics\rover-pcb-master\Projects\MCU\TM4C123GH6PMI.SchDoc with 2.2uF_10V_0402 from Capacitors.SchLib
Replace Part C7 100uF_6.3v_1206_X5R in C:\Users\tyler\OneDrive\Documents\McGill University\McGill Year 5 (2020-2021)\Robotics\rover-pcb-master\Projects\MCU\TM4C123GH6PMI.SchDoc with 100uF_6.3v_1206_X5R from Capacitors.SchLib
Replace Part C8 100uF_6.3v_1206_X5R in C:\Users\tyler\OneDrive\Documents\McGill University\McGill Year 5 (2020-2021)\Robotics\rover-pcb-master\Projects\MCU\TM4C123GH6PMI.SchDoc with 100uF_6.3v_1206_X5R from Capacitors.SchLib
Replace Part C9 1uF_25V_0402 in C:\Users\tyler\OneDrive\Documents\McGill University\McGill Year 5 (2020-2021)\Robotics\rover-pcb-master\Projects\MCU\TM4C123GH6PMI.SchDoc with 1uF_25V_0402 from Capacitors.SchLib
Replace Part C10 100uF_6.3v_1206_X5R in C:\Users\tyler\OneDrive\Documents\McGill University\McGill Year 5 (2020-2021)\Robotics\rover-pcb-master\Projects\MCU\TM4C123GH6PMI.SchDoc with 100uF_6.3v_1206_X5R from Capacitors.SchLib
Replace Part C11 100uF_6.3v_1206_X5R in C:\Users\tyler\OneDrive\Documents\McGill University\McGill Year 5 (2020-2021)\Robotics\rover-pcb-master\Projects\MCU\TM4C123GH6PMI.SchDoc with 100uF_6.3v_1206_X5R from Capacitors.SchLib
Replace Part C12 10uF_10V_0603 in C:\Users\tyler\OneDrive\Documents\McGill University\McGill Year 5 (2020-2021)\Robotics\rover-pcb-master\Projects\MCU\TM4C123GH6PMI.SchDoc with 10uF_10V_0603 from Capacitors.SchLib
Replace Part C13 10nF_50V_0402 in C:\Users\tyler\OneDrive\Documents\McGill University\McGill Year 5 (2020-2021)\Robotics\rover-pcb-master\Projects\MCU\TM4C123GH6PMI.SchDoc with 10nF_50V_0402 from Capacitors.SchLib
Replace Part C14 100nF_50V_0402 in C:\Users\tyler\OneDrive\Documents\McGill University\McGill Year 5 (2020-2021)\Robotics\rover-pcb-master\Projects\MCU\TM4C123GH6PMI.SchDoc with 100nF_50V_0402 from Capacitors.SchLib
Replace Part C15 100nF_50V_0402 in C:\Users\tyler\OneDrive\Documents\McGill University\McGill Year 5 (2020-2021)\Robotics\rover-pcb-master\Projects\MCU\TM4C123GH6PMI.SchDoc with 100nF_50V_0402 from Capacitors.SchLib
Replace Part C16 10nF_50V_0402 in C:\Users\tyler\OneDrive\Documents\McGill University\McGill Year 5 (2020-2021)\Robotics\rover-pcb-master\Projects\MCU\TM4C123GH6PMI.SchDoc with 10nF_50V_0402 from Capacitors.SchLib
Replace Part C17 100nF_50V_0402 in C:\Users\tyler\OneDrive\Documents\McGill University\McGill Year 5 (2020-2021)\Robotics\rover-pcb-master\Projects\MCU\TM4C123GH6PMI.SchDoc with 100nF_50V_0402 from Capacitors.SchLib
Replace Part C18 13pF_50V_0402 in C:\Users\tyler\OneDrive\Documents\McGill University\McGill Year 5 (2020-2021)\Robotics\rover-pcb-master\Projects\MCU\TM4C123GH6PMI.SchDoc with 13pF_50V_0402 from Capacitors.SchLib
Replace Part C19 13pF_50V_0402 in C:\Users\tyler\OneDrive\Documents\McGill University\McGill Year 5 (2020-2021)\Robotics\rover-pcb-master\Projects\MCU\TM4C123GH6PMI.SchDoc with 13pF_50V_0402 from Capacitors.SchLib
Replace Part C20 100nF_50V_0402 in C:\Users\tyler\OneDrive\Documents\McGill University\McGill Year 5 (2020-2021)\Robotics\rover-pcb-master\Projects\MCU\TM4C123GH6PMI.SchDoc with 100nF_50V_0402 from Capacitors.SchLib
Replace Part C21 10nF_50V_0402 in C:\Users\tyler\OneDrive\Documents\McGill University\McGill Year 5 (2020-2021)\Robotics\rover-pcb-master\Projects\MCU\TM4C123GH6PMI.SchDoc with 10nF_50V_0402 from Capacitors.SchLib
Replace Part C22 100nF_50V_0402 in C:\Users\tyler\OneDrive\Documents\McGill University\McGill Year 5 (2020-2021)\Robotics\rover-pcb-master\Projects\MCU\TM4C123GH6PMI.SchDoc with 100nF_50V_0402 from Capacitors.SchLib
Replace Part C23 10uF_10V_0603 in C:\Users\tyler\OneDrive\Documents\McGill University\McGill Year 5 (2020-2021)\Robotics\rover-pcb-master\Projects\MCU\TM4C123GH6PMI.SchDoc with 10uF_10V_0603 from Capacitors.SchLib
Replace Part C24 2.2uF_35V_0603 in C:\Users\tyler\OneDrive\Documents\McGill University\McGill Year 5 (2020-2021)\Robotics\rover-pcb-master\Projects\MCU\TM4C123GH6PMI.SchDoc with 2.2uF_35V_0603 from Capacitors.SchLib
Replace Part C25 1uF_25V_0402 in C:\Users\tyler\OneDrive\Documents\McGill University\McGill Year 5 (2020-2021)\Robotics\rover-pcb-master\Projects\MCU\TM4C123GH6PMI.SchDoc with 1uF_25V_0402 from Capacitors.SchLib
Replace Part C26 100nF_50V_0402 in C:\Users\tyler\OneDrive\Documents\McGill University\McGill Year 5 (2020-2021)\Robotics\rover-pcb-master\Projects\MCU\TM4C123GH6PMI.SchDoc with 100nF_50V_0402 from Capacitors.SchLib
Replace Part C27 100nF_50V_0402 in C:\Users\tyler\OneDrive\Documents\McGill University\McGill Year 5 (2020-2021)\Robotics\rover-pcb-master\Projects\MCU\TM4C123GH6PMI.SchDoc with 100nF_50V_0402 from Capacitors.SchLib
Replace Part C28 100nF_50V_0402 in C:\Users\tyler\OneDrive\Documents\McGill University\McGill Year 5 (2020-2021)\Robotics\rover-pcb-master\Projects\MCU\TM4C123GH6PMI.SchDoc with 100nF_50V_0402 from Capacitors.SchLib
Replace Part C29 100nF_50V_0402 in C:\Users\tyler\OneDrive\Documents\McGill University\McGill Year 5 (2020-2021)\Robotics\rover-pcb-master\Projects\MCU\TM4C123GH6PMI.SchDoc with 100nF_50V_0402 from Capacitors.SchLib
Replace Part C30 100nF_50V_0402 in C:\Users\tyler\OneDrive\Documents\McGill University\McGill Year 5 (2020-2021)\Robotics\rover-pcb-master\Projects\MCU\TM4C123GH6PMI.SchDoc with 100nF_50V_0402 from Capacitors.SchLib
Replace Part C31 100nF_50V_0402 in C:\Users\tyler\OneDrive\Documents\McGill University\McGill Year 5 (2020-2021)\Robotics\rover-pcb-master\Projects\MCU\TM4C123GH6PMI.SchDoc with 100nF_50V_0402 from Capacitors.SchLib
Replace Part C32 100nF_50V_0402 in C:\Users\tyler\OneDrive\Documents\McGill University\McGill Year 5 (2020-2021)\Robotics\rover-pcb-master\Projects\MCU\TM4C123GH6PMI.SchDoc with 100nF_50V_0402 from Capacitors.SchLib
Replace Part C33 100nF_50V_0402 in C:\Users\tyler\OneDrive\Documents\McGill University\McGill Year 5 (2020-2021)\Robotics\rover-pcb-master\Projects\MCU\TM4C123GH6PMI.SchDoc with 100nF_50V_0402 from Capacitors.SchLib
Replace Part C34 100nF_50V_0402 in C:\Users\tyler\OneDrive\Documents\McGill University\McGill Year 5 (2020-2021)\Robotics\rover-pcb-master\Projects\MCU\TM4C123GH6PMI.SchDoc with 100nF_50V_0402 from Capacitors.SchLib
Replace Part C35 100nF_50V_0402 in C:\Users\tyler\OneDrive\Documents\McGill University\McGill Year 5 (2020-2021)\Robotics\rover-pcb-master\Projects\MCU\TM4C123GH6PMI.SchDoc with 100nF_50V_0402 from Capacitors.SchLib
Replace Part C36 100nF_50V_0402 in C:\Users\tyler\OneDrive\Documents\McGill University\McGill Year 5 (2020-2021)\Robotics\rover-pcb-master\Projects\MCU\TM4C123GH6PMI.SchDoc with 100nF_50V_0402 from Capacitors.SchLib
Replace Part C37 100nF_50V_0402 in C:\Users\tyler\OneDrive\Documents\McGill University\McGill Year 5 (2020-2021)\Robotics\rover-pcb-master\Projects\MCU\TM4C123GH6PMI.SchDoc with 100nF_50V_0402 from Capacitors.SchLib
Replace Part D1 TOPLED 0803 in C:\Users\tyler\OneDrive\Documents\McGill University\McGill Year 5 (2020-2021)\Robotics\rover-pcb-master\Projects\MCU\TM4C123GH6PMI.SchDoc with TOPLED 0803 from Diodes.SchLib
Replace Part D2 TOPLED 0803 in C:\Users\tyler\OneDrive\Documents\McGill University\McGill Year 5 (2020-2021)\Robotics\rover-pcb-master\Projects\MCU\TM4C123GH6PMI.SchDoc with TOPLED 0803 from Diodes.SchLib
Replace Part F1 40O_550mA_0402 in C:\Users\tyler\OneDrive\Documents\McGill University\McGill Year 5 (2020-2021)\Robotics\rover-pcb-master\Projects\MCU\TM4C123GH6PMI.SchDoc with 40O_550mA_0402 from Resistors.SchLib
Replace Part L1 Ferrite_200 ohms_2A in C:\Users\tyler\OneDrive\Documents\McGill University\McGill Year 5 (2020-2021)\Robotics\rover-pcb-master\Projects\MCU\TM4C123GH6PMI.SchDoc with Ferrite_200 ohms_2A from Inductors.SchLib
Replace Part P1 MHDR1X5 in C:\Users\tyler\OneDrive\Documents\McGill University\McGill Year 5 (2020-2021)\Robotics\rover-pcb-master\Projects\MCU\TM4C123GH6PMI.SchDoc with MHDR1X5 from Miscellaneous Connectors.IntLib
Replace Part P2 Header 2 in C:\Users\tyler\OneDrive\Documents\McGill University\McGill Year 5 (2020-2021)\Robotics\rover-pcb-master\Projects\MCU\TM4C123GH6PMI.SchDoc with Header 2 from Miscellaneous Connectors.IntLib
Replace Part P3 Header 2 in C:\Users\tyler\OneDrive\Documents\McGill University\McGill Year 5 (2020-2021)\Robotics\rover-pcb-master\Projects\MCU\TM4C123GH6PMI.SchDoc with Header 2 from Miscellaneous Connectors.IntLib
Replace Part P4 Header 2 in C:\Users\tyler\OneDrive\Documents\McGill University\McGill Year 5 (2020-2021)\Robotics\rover-pcb-master\Projects\MCU\TM4C123GH6PMI.SchDoc with Header 2 from Miscellaneous Connectors.IntLib
Replace Part P5 Header 5X2 in C:\Users\tyler\OneDrive\Documents\McGill University\McGill Year 5 (2020-2021)\Robotics\rover-pcb-master\Projects\MCU\TM4C123GH6PMI.SchDoc with Header 5X2 from Miscellaneous Connectors.IntLib
Replace Part P6 Header 18X2 in C:\Users\tyler\OneDrive\Documents\McGill University\McGill Year 5 (2020-2021)\Robotics\rover-pcb-master\Projects\MCU\TM4C123GH6PMI.SchDoc with Header 18X2 from Miscellaneous Connectors.IntLib
Replace Part P7 Header 2H in C:\Users\tyler\OneDrive\Documents\McGill University\McGill Year 5 (2020-2021)\Robotics\rover-pcb-master\Projects\MCU\TM4C123GH6PMI.SchDoc with Header 2H from Miscellaneous Connectors.IntLib
Replace Part R1 1M_5%_1206 in C:\Users\tyler\OneDrive\Documents\McGill University\McGill Year 5 (2020-2021)\Robotics\rover-pcb-master\Projects\MCU\TM4C123GH6PMI.SchDoc with 1M_5%_1206 from Resistors.SchLib
Replace Part R2 10k_1%_0402 in C:\Users\tyler\OneDrive\Documents\McGill University\McGill Year 5 (2020-2021)\Robotics\rover-pcb-master\Projects\MCU\TM4C123GH6PMI.SchDoc with 10k_1%_0402 from Resistors.SchLib
Replace Part R3 10k_1%_0402 in C:\Users\tyler\OneDrive\Documents\McGill University\McGill Year 5 (2020-2021)\Robotics\rover-pcb-master\Projects\MCU\TM4C123GH6PMI.SchDoc with 10k_1%_0402 from Resistors.SchLib
Replace Part R4 10k_1%_0402 in C:\Users\tyler\OneDrive\Documents\McGill University\McGill Year 5 (2020-2021)\Robotics\rover-pcb-master\Projects\MCU\TM4C123GH6PMI.SchDoc with 10k_1%_0402 from Resistors.SchLib
Replace Part R5 10k_1%_0402 in C:\Users\tyler\OneDrive\Documents\McGill University\McGill Year 5 (2020-2021)\Robotics\rover-pcb-master\Projects\MCU\TM4C123GH6PMI.SchDoc with 10k_1%_0402 from Resistors.SchLib
Replace Part R6 10k_1%_0402 in C:\Users\tyler\OneDrive\Documents\McGill University\McGill Year 5 (2020-2021)\Robotics\rover-pcb-master\Projects\MCU\TM4C123GH6PMI.SchDoc with 10k_1%_0402 from Resistors.SchLib
Replace Part R7 10k_1%_0402 in C:\Users\tyler\OneDrive\Documents\McGill University\McGill Year 5 (2020-2021)\Robotics\rover-pcb-master\Projects\MCU\TM4C123GH6PMI.SchDoc with 10k_1%_0402 from Resistors.SchLib
Replace Part R8 27_1%_0402 in C:\Users\tyler\OneDrive\Documents\McGill University\McGill Year 5 (2020-2021)\Robotics\rover-pcb-master\Projects\MCU\TM4C123GH6PMI.SchDoc with 27_1%_0402 from Resistors.SchLib
Replace Part R9 27_1%_0402 in C:\Users\tyler\OneDrive\Documents\McGill University\McGill Year 5 (2020-2021)\Robotics\rover-pcb-master\Projects\MCU\TM4C123GH6PMI.SchDoc with 27_1%_0402 from Resistors.SchLib
Replace Part R13 120_1%_0402 in C:\Users\tyler\OneDrive\Documents\McGill University\McGill Year 5 (2020-2021)\Robotics\rover-pcb-master\Projects\MCU\TM4C123GH6PMI.SchDoc with 120_1%_0402 from Resistors.SchLib
Replace Part R14 120_1%_0402 in C:\Users\tyler\OneDrive\Documents\McGill University\McGill Year 5 (2020-2021)\Robotics\rover-pcb-master\Projects\MCU\TM4C123GH6PMI.SchDoc with 120_1%_0402 from Resistors.SchLib
Replace Part R15 0_0402 in C:\Users\tyler\OneDrive\Documents\McGill University\McGill Year 5 (2020-2021)\Robotics\rover-pcb-master\Projects\MCU\TM4C123GH6PMI.SchDoc with 0_0402 from Resistors.SchLib
Replace Part R16 0_0402 in C:\Users\tyler\OneDrive\Documents\McGill University\McGill Year 5 (2020-2021)\Robotics\rover-pcb-master\Projects\MCU\TM4C123GH6PMI.SchDoc with 0_0402 from Resistors.SchLib
Replace Part R17 0_0402 in C:\Users\tyler\OneDrive\Documents\McGill University\McGill Year 5 (2020-2021)\Robotics\rover-pcb-master\Projects\MCU\TM4C123GH6PMI.SchDoc with 0_0402 from Resistors.SchLib
Replace Part R18 0_0402 in C:\Users\tyler\OneDrive\Documents\McGill University\McGill Year 5 (2020-2021)\Robotics\rover-pcb-master\Projects\MCU\TM4C123GH6PMI.SchDoc with 0_0402 from Resistors.SchLib
Replace Part R19 0_0402 in C:\Users\tyler\OneDrive\Documents\McGill University\McGill Year 5 (2020-2021)\Robotics\rover-pcb-master\Projects\MCU\TM4C123GH6PMI.SchDoc with 0_0402 from Resistors.SchLib
Replace Part R20 0_0402 in C:\Users\tyler\OneDrive\Documents\McGill University\McGill Year 5 (2020-2021)\Robotics\rover-pcb-master\Projects\MCU\TM4C123GH6PMI.SchDoc with 0_0402 from Resistors.SchLib
Replace Part R21 0_0402 in C:\Users\tyler\OneDrive\Documents\McGill University\McGill Year 5 (2020-2021)\Robotics\rover-pcb-master\Projects\MCU\TM4C123GH6PMI.SchDoc with 0_0402 from Resistors.SchLib
Replace Part R22 0_0402 in C:\Users\tyler\OneDrive\Documents\McGill University\McGill Year 5 (2020-2021)\Robotics\rover-pcb-master\Projects\MCU\TM4C123GH6PMI.SchDoc with 0_0402 from Resistors.SchLib
Replace Part U1 MCP1825S-3302E/DB in C:\Users\tyler\OneDrive\Documents\McGill University\McGill Year 5 (2020-2021)\Robotics\rover-pcb-master\Projects\MCU\TM4C123GH6PMI.SchDoc with MCP1825S-3302E/DB from ICs.SchLib
Replace Part U2 TM4C123GH6PMI in C:\Users\tyler\OneDrive\Documents\McGill University\McGill Year 5 (2020-2021)\Robotics\rover-pcb-master\Projects\MCU\TM4C123GH6PMI.SchDoc with TM4C123GH6PMI from ICs.SchLib
Replace Part U3 FT230XQ-R in C:\Users\tyler\OneDrive\Documents\McGill University\McGill Year 5 (2020-2021)\Robotics\rover-pcb-master\Projects\MCU\TM4C123GH6PMI.SchDoc with FT230XQ-R from ICs.SchLib
Replace Part U4 DRV8876QPWPRQ1 in C:\Users\tyler\OneDrive\Documents\McGill University\McGill Year 5 (2020-2021)\Robotics\rover-pcb-master\Projects\MCU\TM4C123GH6PMI.SchDoc with DRV8876QPWPRQ1 from 2020-08-08_18-29-37.SchLib
Replace Part U5 DRV8876QPWPRQ1 in C:\Users\tyler\OneDrive\Documents\McGill University\McGill Year 5 (2020-2021)\Robotics\rover-pcb-master\Projects\MCU\TM4C123GH6PMI.SchDoc with DRV8876QPWPRQ1 from 2020-08-08_18-29-37.SchLib
Replace Part X1 403C35E16M00000 in C:\Users\tyler\OneDrive\Documents\McGill University\McGill Year 5 (2020-2021)\Robotics\rover-pcb-master\Projects\MCU\TM4C123GH6PMI.SchDoc with 403C35E16M00000 from ICs.SchLib
