Change Component Footprint: Designator=U4 Old Footprint=DRV8874-Q1 New Footprint=SOIC_PWPRQ1_TEX
Change Component Footprint: Designator=U5 Old Footprint=DRV8874-Q1 New Footprint=SOIC_PWPRQ1_TEX
Change Component Footprint: Designator=U6 Old Footprint=DRV8874-Q1 New Footprint=SOIC_PWPRQ1_TEX
Change Component Comment : Designator=U4 Old Comment=DRV8874-Q1 New Comment=DRV8876-Q1
Change Component Comment : Designator=U5 Old Comment=DRV8874-Q1 New Comment=DRV8876-Q1
Change Component Comment : Designator=U6 Old Comment=DRV8874-Q1 New Comment=DRV8876-Q1
Change Component Library : Designator=U4 Old Library=2020-08-08_18-29-37.SchLib New Library=DRV8876.SchLib
Change Component Library : Designator=U5 Old Library=2020-08-08_18-29-37.SchLib New Library=DRV8876.SchLib
Change Component Library : Designator=U6 Old Library=2020-08-08_18-29-37.SchLib New Library=DRV8876.SchLib
Change Component Library : Designator=U7 Old Library=2020-08-25_19-06-52.SchLib New Library=SN75LBC179DR.SchLib
Change Component Library : Designator=U8 Old Library=2020-08-25_19-06-52.SchLib New Library=SN75LBC179DR.SchLib
Added Component: Designator=P9(MHDR2X4)
Add component. Clean all parameters for all variants
Add component (AddParameter): Name = "LatestRevisionDate"; Value = "17-Jul-2002"; VariantName = "[No Variations]"
Add component (AddParameter): Name = "LatestRevisionNote"; Value = "Re-released for DXP Platform."; VariantName = "[No Variations]"
Add component (AddParameter): Name = "Publisher"; Value = "Altium Limited"; VariantName = "[No Variations]"
Added Pin To Net: NetName=GND Pin=P9-2
Added Pin To Net: NetName=GND Pin=P9-4
Added Pin To Net: NetName=GND Pin=P9-6
Added Pin To Net: NetName=GND Pin=P9-8
Added Pin To Net: NetName=NC1 Pin=P9-1
Added Pin To Net: NetName=NC1 Pin=U2-60
Added Net: Name=NC1
Added Pin To Net: NetName=NC2 Pin=P9-3
Added Pin To Net: NetName=NC2 Pin=U2-62
Added Net: Name=NC2
Added Pin To Net: NetName=NC3 Pin=P9-5
Added Pin To Net: NetName=NC3 Pin=U2-63
Added Net: Name=NC3
Added Pin To Net: NetName=NC4 Pin=P9-7
Added Pin To Net: NetName=NC4 Pin=U2-64
Added Net: Name=NC4
Change Class Name : Old Net Name=TM4C123GH6PMI New Net Name=arm_v2
Added Member To Class: ClassName=arm_v2 Member=Component P9 Switches
