Added Pin To Net: NetName=GND Pin=C2-2
Added Pin To Net: NetName=GND Pin=C3-2
Added Pin To Net: NetName=GND Pin=C4-1
Added Pin To Net: NetName=GND Pin=C9-2
Added Pin To Net: NetName=GND Pin=C10-2
Added Pin To Net: NetName=GND Pin=C11-2
Added Pin To Net: NetName=GND Pin=U1-2
Added Pin To Net: NetName=GND Pin=U1-4
Added Member To Class: ClassName=antenna_board Member=Component C1 100uF
Added Member To Class: ClassName=antenna_board Member=Component C2 100uF
Added Member To Class: ClassName=antenna_board Member=Component C3 100uF
Added Member To Class: ClassName=antenna_board Member=Component C4 1uF
Added Member To Class: ClassName=antenna_board Member=Component C5 10nF
Added Member To Class: ClassName=antenna_board Member=Component C6 100nF
Added Member To Class: ClassName=antenna_board Member=Component C7 2.2uF
Added Member To Class: ClassName=antenna_board Member=Component C8 2.2uF
Added Member To Class: ClassName=antenna_board Member=Component C9 100uF
Added Member To Class: ClassName=antenna_board Member=Component C10 100uF
Added Member To Class: ClassName=antenna_board Member=Component C11 10uF
Added Member To Class: ClassName=antenna_board Member=Component C12 10nF
Added Member To Class: ClassName=antenna_board Member=Component C14 100nF
Added Member To Class: ClassName=antenna_board Member=Component L1 200R
Added Member To Class: ClassName=antenna_board Member=Component R1 1M
Added Member To Class: ClassName=antenna_board Member=Component R2 10k
Added Member To Class: ClassName=antenna_board Member=Component R3 10k
Added Member To Class: ClassName=antenna_board Member=Component R4 10k
Added Member To Class: ClassName=antenna_board Member=Component R5 10k
Added Member To Class: ClassName=antenna_board Member=Component R6 27
Added Member To Class: ClassName=antenna_board Member=Component R7 27
Added Member To Class: ClassName=antenna_board Member=Component U1 MCP1825S-3302E/DB
Added Member To Class: ClassName=antenna_board Member=Component U2 XB3-24Z8ST
Added Member To Class: ClassName=antenna_board Member=Component U3 FT230XQ
Added Member To Class: ClassName=antenna_board Member=Component USB1 USB type-B jack
