Removed Pin From Net: NetName=GND Pin=Battery_Connector-1
Removed Pin From Net: NetName=IN+1 Pin=Battery_Connector-2
Removed Member From Class: ClassName=TM4C123GH6PMI Member=Battery_Connector
Added Component: Designator=J?(123519652)
Add component. Clean all parameters for all variants
Add component (AddParameter): Name = "Datasheet Link"; Value = "https://www.te.com/commerce/DocumentDelivery/DDEController?Action=showdoc&DocId=Customer+Drawing%7F2351965%7FA%7Fpdf%7FEnglish%7FENG_CD_2351965_A.pdf%7F1-2351965-2"; VariantName = "[No Variations]"
Add component (AddParameter): Name = "Height"; Value = "16.4mm"; VariantName = "[No Variations]"
Add component (AddParameter): Name = "Manufacturer_Name"; Value = "TE Connectivity"; VariantName = "[No Variations]"
Add component (AddParameter): Name = "Manufacturer_Part_Number"; Value = "1-2351965-2"; VariantName = "[No Variations]"
Add component (AddParameter): Name = "Mouser2 Part Number"; Value = ""; VariantName = "[No Variations]"
Add component (AddParameter): Name = "Mouser2 Price/Stock"; Value = ""; VariantName = "[No Variations]"
Added Pin To Net: NetName=IN+1 Pin=J?-A1
Added Pin To Net: NetName=IN+1 Pin=J?-A2
Added Pin To Net: NetName=IN+1 Pin=J?-A3
Added Pin To Net: NetName=IN+1 Pin=J?-A4
Added Pin To Net: NetName=GND Pin=J?-B1
Added Pin To Net: NetName=GND Pin=J?-B2
Added Pin To Net: NetName=GND Pin=J?-B3
Added Pin To Net: NetName=GND Pin=J?-B4
Added Member To Class: ClassName=TM4C123GH6PMI Member=Component J? 1-2351965-2
