Removed Pin From Net: NetName=IN+1 Pin=R0-1
Removed Pin From Net: NetName=IN+1 Pin=R0-2
Removed Pin From Net: NetName=IN-1 Pin=R0-3
Removed Pin From Net: NetName=IN-1 Pin=R0-4
Removed Pin From Net: NetName=IN+1 Pin=R21-2
Removed Pin From Net: NetName=IN-1 Pin=R21-3
Removed Pin From Net: NetName=IN-1 Pin=R21-4
Removed Pin From Net: NetName=IN+1 Pin=R22-2
Removed Pin From Net: NetName=IN-1 Pin=R22-3
Removed Pin From Net: NetName=IN-1 Pin=R22-4
Removed Pin From Net: NetName=IN+1 Pin=R23-1
Removed Pin From Net: NetName=IN+1 Pin=R23-2
Removed Pin From Net: NetName=IN-1 Pin=R23-3
Removed Pin From Net: NetName=IN-1 Pin=R23-4
Removed Pin From Net: NetName=IN+1 Pin=R24-1
Removed Pin From Net: NetName=IN+1 Pin=R24-2
Removed Pin From Net: NetName=IN-1 Pin=R24-3
Removed Pin From Net: NetName=IN-1 Pin=R24-4
Removed Pin From Net: NetName=IN+1 Pin=R25-1
Removed Pin From Net: NetName=IN+1 Pin=R25-2
Removed Pin From Net: NetName=IN-2 Pin=R25-3
Removed Pin From Net: NetName=IN-2 Pin=R25-4
Removed Pin From Net: NetName=IN+1 Pin=R26-1
Removed Pin From Net: NetName=IN+1 Pin=R26-2
Removed Pin From Net: NetName=IN-2 Pin=R26-3
Removed Pin From Net: NetName=IN-2 Pin=R26-4
Removed Pin From Net: NetName=IN+1 Pin=R27-1
Removed Pin From Net: NetName=IN+1 Pin=R27-2
Removed Pin From Net: NetName=IN-2 Pin=R27-3
Removed Pin From Net: NetName=IN-2 Pin=R27-4
Removed Member From Class: ClassName=TM4C123GH6PMI Member=R0
Removed Member From Class: ClassName=TM4C123GH6PMI Member=R23
Removed Member From Class: ClassName=TM4C123GH6PMI Member=R24
Removed Member From Class: ClassName=TM4C123GH6PMI Member=R25
Removed Member From Class: ClassName=TM4C123GH6PMI Member=R26
Removed Member From Class: ClassName=TM4C123GH6PMI Member=R27
Change Component Footprint: Designator=R21 Old Footprint=RES_WSK0612_VIS New Footprint=RESC10052X105N
Change Component Footprint: Designator=R22 Old Footprint=RES_WSK0612_VIS New Footprint=RESC10052X105N
Change Component Comment : Designator=R21 Old Comment=WSK06125L000FEA New Comment=PSR400ITQFH1L00
Change Component Comment : Designator=R22 Old Comment=WSK06125L000FEA New Comment=PSR400ITQFH1L00
Change component parameters: Designator = "R21"; Footprint = "RESC10052X105N"; UniqueID = "\QRKHURHB"
Change component parameters. Clean all parameters for all variants
Change component parameters (AddParameter): Name = "Availability"; Value = "Unavailable"; VariantName = "[No Variations]"
Change component parameters (AddParameter): Name = "MF"; Value = ""; VariantName = "[No Variations]"
Change component parameters (AddParameter): Name = "MP"; Value = "PSR400ITQFH1L00"; VariantName = "[No Variations]"
Change component parameters (AddParameter): Name = "Package"; Value = "None"; VariantName = "[No Variations]"
Change component parameters (AddParameter): Name = "Price"; Value = "None"; VariantName = "[No Variations]"
Change component parameters (AddParameter): Name = "Value"; Value = ""; VariantName = "[No Variations]"
Change component parameters: Designator = "R22"; Footprint = "RESC10052X105N"; UniqueID = "\NKAYPDMI"
Change component parameters. Clean all parameters for all variants
Change component parameters (AddParameter): Name = "Availability"; Value = "Unavailable"; VariantName = "[No Variations]"
Change component parameters (AddParameter): Name = "MF"; Value = ""; VariantName = "[No Variations]"
Change component parameters (AddParameter): Name = "MP"; Value = "PSR400ITQFH1L00"; VariantName = "[No Variations]"
Change component parameters (AddParameter): Name = "Package"; Value = "None"; VariantName = "[No Variations]"
Change component parameters (AddParameter): Name = "Price"; Value = "None"; VariantName = "[No Variations]"
Change component parameters (AddParameter): Name = "Value"; Value = ""; VariantName = "[No Variations]"
Added Pin To Net: NetName=IN-1 Pin=R21-2
Added Pin To Net: NetName=IN-2 Pin=R22-2
Added Room: Name=TM4C123GH6PMI
