Removed Pin From Net: NetName=IN-2 Pin=R10-1
Removed Pin From Net: NetName=IN+1 Pin=R10-2
Removed Member From Class: ClassName=TM4C123GH6PMI Member=R10
Added Component: Designator=R25(RES_WSK0612_VIS)
Add component. Clean all parameters for all variants
Add component (AddParameter): Name = "Built_By"; Value = "EMA_Justin"; VariantName = "[No Variations]"
Add component (AddParameter): Name = "Copyright"; Value = "Copyright (C) 2018 Accelerated Designs. All rights reserved"; VariantName = "[No Variations]"
Add component (AddParameter): Name = "Datasheet"; Value = "https://www.vishay.com/docs/30161/wsk0612.pdf"; VariantName = "[No Variations]"
Add component (AddParameter): Name = "Manufacturer_Part_Number"; Value = "WSK06125L000FEA"; VariantName = "[No Variations]"
Add component (AddParameter): Name = "RefDes"; Value = "RefDes"; VariantName = "[No Variations]"
Add component (AddParameter): Name = "SourceLibrary"; Value = "Vishay_2020-09-02"; VariantName = "[No Variations]"
Add component (AddParameter): Name = "Type"; Value = "DEV"; VariantName = "[No Variations]"
Add component (AddParameter): Name = "Vendor"; Value = "Vishay"; VariantName = "[No Variations]"
Added Component: Designator=R26(RES_WSK0612_VIS)
Add component. Clean all parameters for all variants
Add component (AddParameter): Name = "Built_By"; Value = "EMA_Justin"; VariantName = "[No Variations]"
Add component (AddParameter): Name = "Copyright"; Value = "Copyright (C) 2018 Accelerated Designs. All rights reserved"; VariantName = "[No Variations]"
Add component (AddParameter): Name = "Datasheet"; Value = "https://www.vishay.com/docs/30161/wsk0612.pdf"; VariantName = "[No Variations]"
Add component (AddParameter): Name = "Manufacturer_Part_Number"; Value = "WSK06125L000FEA"; VariantName = "[No Variations]"
Add component (AddParameter): Name = "RefDes"; Value = "RefDes"; VariantName = "[No Variations]"
Add component (AddParameter): Name = "SourceLibrary"; Value = "Vishay_2020-09-02"; VariantName = "[No Variations]"
Add component (AddParameter): Name = "Type"; Value = "DEV"; VariantName = "[No Variations]"
Add component (AddParameter): Name = "Vendor"; Value = "Vishay"; VariantName = "[No Variations]"
Added Pin To Net: NetName=IN+1 Pin=R25-1
Added Pin To Net: NetName=IN+1 Pin=R25-2
Added Pin To Net: NetName=IN-2 Pin=R25-3
Added Pin To Net: NetName=IN-2 Pin=R25-4
Added Pin To Net: NetName=IN+1 Pin=R26-1
Added Pin To Net: NetName=IN+1 Pin=R26-2
Added Pin To Net: NetName=IN-2 Pin=R26-3
Added Pin To Net: NetName=IN-2 Pin=R26-4
Added Member To Class: ClassName=TM4C123GH6PMI Member=Component R0 WSK06125L000FEA
Added Member To Class: ClassName=TM4C123GH6PMI Member=Component R25 WSK06125L000FEA
Added Member To Class: ClassName=TM4C123GH6PMI Member=Component R26 WSK06125L000FEA
