Removed Pin From Net: NetName=IN-1 Pin=R0-1
Removed Pin From Net: NetName=IN+1 Pin=R0-2
Added Component: Designator=R0(RES_WSK0612_VIS)
Add component. Clean all parameters for all variants
Add component (AddParameter): Name = "Built_By"; Value = "EMA_Justin"; VariantName = "[No Variations]"
Add component (AddParameter): Name = "Copyright"; Value = "Copyright (C) 2018 Accelerated Designs. All rights reserved"; VariantName = "[No Variations]"
Add component (AddParameter): Name = "Datasheet"; Value = "https://www.vishay.com/docs/30161/wsk0612.pdf"; VariantName = "[No Variations]"
Add component (AddParameter): Name = "Manufacturer_Part_Number"; Value = "WSK06125L000FEA"; VariantName = "[No Variations]"
Add component (AddParameter): Name = "RefDes"; Value = "RefDes"; VariantName = "[No Variations]"
Add component (AddParameter): Name = "SourceLibrary"; Value = "Vishay_2020-09-02"; VariantName = "[No Variations]"
Add component (AddParameter): Name = "Type"; Value = "DEV"; VariantName = "[No Variations]"
Add component (AddParameter): Name = "Vendor"; Value = "Vishay"; VariantName = "[No Variations]"
Added Component: Designator=R21(RES_WSK0612_VIS)
Add component. Clean all parameters for all variants
Add component (AddParameter): Name = "Built_By"; Value = "EMA_Justin"; VariantName = "[No Variations]"
Add component (AddParameter): Name = "Copyright"; Value = "Copyright (C) 2018 Accelerated Designs. All rights reserved"; VariantName = "[No Variations]"
Add component (AddParameter): Name = "Datasheet"; Value = "https://www.vishay.com/docs/30161/wsk0612.pdf"; VariantName = "[No Variations]"
Add component (AddParameter): Name = "Manufacturer_Part_Number"; Value = "WSK06125L000FEA"; VariantName = "[No Variations]"
Add component (AddParameter): Name = "RefDes"; Value = "RefDes"; VariantName = "[No Variations]"
Add component (AddParameter): Name = "SourceLibrary"; Value = "Vishay_2020-09-02"; VariantName = "[No Variations]"
Add component (AddParameter): Name = "Type"; Value = "DEV"; VariantName = "[No Variations]"
Add component (AddParameter): Name = "Vendor"; Value = "Vishay"; VariantName = "[No Variations]"
Added Component: Designator=R22(RES_WSK0612_VIS)
Add component. Clean all parameters for all variants
Add component (AddParameter): Name = "Built_By"; Value = "EMA_Justin"; VariantName = "[No Variations]"
Add component (AddParameter): Name = "Copyright"; Value = "Copyright (C) 2018 Accelerated Designs. All rights reserved"; VariantName = "[No Variations]"
Add component (AddParameter): Name = "Datasheet"; Value = "https://www.vishay.com/docs/30161/wsk0612.pdf"; VariantName = "[No Variations]"
Add component (AddParameter): Name = "Manufacturer_Part_Number"; Value = "WSK06125L000FEA"; VariantName = "[No Variations]"
Add component (AddParameter): Name = "RefDes"; Value = "RefDes"; VariantName = "[No Variations]"
Add component (AddParameter): Name = "SourceLibrary"; Value = "Vishay_2020-09-02"; VariantName = "[No Variations]"
Add component (AddParameter): Name = "Type"; Value = "DEV"; VariantName = "[No Variations]"
Add component (AddParameter): Name = "Vendor"; Value = "Vishay"; VariantName = "[No Variations]"
Added Component: Designator=R23(RES_WSK0612_VIS)
Add component. Clean all parameters for all variants
Add component (AddParameter): Name = "Built_By"; Value = "EMA_Justin"; VariantName = "[No Variations]"
Add component (AddParameter): Name = "Copyright"; Value = "Copyright (C) 2018 Accelerated Designs. All rights reserved"; VariantName = "[No Variations]"
Add component (AddParameter): Name = "Datasheet"; Value = "https://www.vishay.com/docs/30161/wsk0612.pdf"; VariantName = "[No Variations]"
Add component (AddParameter): Name = "Manufacturer_Part_Number"; Value = "WSK06125L000FEA"; VariantName = "[No Variations]"
Add component (AddParameter): Name = "RefDes"; Value = "RefDes"; VariantName = "[No Variations]"
Add component (AddParameter): Name = "SourceLibrary"; Value = "Vishay_2020-09-02"; VariantName = "[No Variations]"
Add component (AddParameter): Name = "Type"; Value = "DEV"; VariantName = "[No Variations]"
Add component (AddParameter): Name = "Vendor"; Value = "Vishay"; VariantName = "[No Variations]"
Added Component: Designator=R24(RES_WSK0612_VIS)
Add component. Clean all parameters for all variants
Add component (AddParameter): Name = "Built_By"; Value = "EMA_Justin"; VariantName = "[No Variations]"
Add component (AddParameter): Name = "Copyright"; Value = "Copyright (C) 2018 Accelerated Designs. All rights reserved"; VariantName = "[No Variations]"
Add component (AddParameter): Name = "Datasheet"; Value = "https://www.vishay.com/docs/30161/wsk0612.pdf"; VariantName = "[No Variations]"
Add component (AddParameter): Name = "Manufacturer_Part_Number"; Value = "WSK06125L000FEA"; VariantName = "[No Variations]"
Add component (AddParameter): Name = "RefDes"; Value = "RefDes"; VariantName = "[No Variations]"
Add component (AddParameter): Name = "SourceLibrary"; Value = "Vishay_2020-09-02"; VariantName = "[No Variations]"
Add component (AddParameter): Name = "Type"; Value = "DEV"; VariantName = "[No Variations]"
Add component (AddParameter): Name = "Vendor"; Value = "Vishay"; VariantName = "[No Variations]"
Added Pin To Net: NetName=IN+1 Pin=R0-1
Added Pin To Net: NetName=IN+1 Pin=R0-2
Added Pin To Net: NetName=IN-1 Pin=R0-3
Added Pin To Net: NetName=IN-1 Pin=R0-4
Added Pin To Net: NetName=IN+1 Pin=R21-1
Added Pin To Net: NetName=IN+1 Pin=R21-2
Added Pin To Net: NetName=IN-1 Pin=R21-3
Added Pin To Net: NetName=IN-1 Pin=R21-4
Added Pin To Net: NetName=IN+1 Pin=R22-1
Added Pin To Net: NetName=IN+1 Pin=R22-2
Added Pin To Net: NetName=IN-1 Pin=R22-3
Added Pin To Net: NetName=IN-1 Pin=R22-4
Added Pin To Net: NetName=IN+1 Pin=R23-1
Added Pin To Net: NetName=IN+1 Pin=R23-2
Added Pin To Net: NetName=IN-1 Pin=R23-3
Added Pin To Net: NetName=IN-1 Pin=R23-4
Added Pin To Net: NetName=IN+1 Pin=R24-1
Added Pin To Net: NetName=IN+1 Pin=R24-2
Added Pin To Net: NetName=IN-1 Pin=R24-3
Added Pin To Net: NetName=IN-1 Pin=R24-4
Added Member To Class: ClassName=TM4C123GH6PMI Member=Component R0 WSK06125L000FEA
Added Member To Class: ClassName=TM4C123GH6PMI Member=Component R21 WSK06125L000FEA
Added Member To Class: ClassName=TM4C123GH6PMI Member=Component R22 WSK06125L000FEA
Added Member To Class: ClassName=TM4C123GH6PMI Member=Component R23 WSK06125L000FEA
Added Member To Class: ClassName=TM4C123GH6PMI Member=Component R24 WSK06125L000FEA
