Removed Pin From Net: NetName=GND Pin=D3-1
Removed Pin From Net: NetName=RELAY_A Pin=D3-2
Removed Pin From Net: NetName=GND Pin=D4-1
Removed Pin From Net: NetName=RELAY_B Pin=D4-2
Removed Pin From Net: NetName=IN+1 Pin=KILL_SWITCH-2
Removed Pin From Net: NetName=GND Pin=Relay A-4
Removed Pin From Net: NetName=GND Pin=Relay B-4
Added Component: Designator=P?(HDR1X2H)
Add component. Clean all parameters for all variants
Add component (AddParameter): Name = "LatestRevisionDate"; Value = "17-Jul-2002"; VariantName = "[No Variations]"
Add component (AddParameter): Name = "LatestRevisionNote"; Value = "Re-released for DXP Platform."; VariantName = "[No Variations]"
Add component (AddParameter): Name = "Publisher"; Value = "Altium Limited"; VariantName = "[No Variations]"
Added Pin To Net: NetName=IN+1 Pin=BT_24V-2
Added Pin To Net: NetName=GND Pin=CPU_SWITCH-2
Added Pin To Net: NetName=IN-1 Pin=D3-2
Added Pin To Net: NetName=IN-2 Pin=D4-2
Added Pin To Net: NetName=GND Pin=KILL_SWITCH-2
Added Pin To Net: NetName=IN+1 Pin=R10-2
Added Pin To Net: NetName=IN+1 Pin=U4-15
Added Pin To Net: NetName=NetCPU_SWITCH_1 Pin=CPU_SWITCH-1
Added Pin To Net: NetName=NetCPU_SWITCH_1 Pin=D4-1
Added Pin To Net: NetName=NetCPU_SWITCH_1 Pin=Relay B-4
Added Net: Name=NetCPU_SWITCH_1
Added Pin To Net: NetName=NetD3_1 Pin=D3-1
Added Pin To Net: NetName=NetD3_1 Pin=KILL_SWITCH-1
Added Pin To Net: NetName=NetD3_1 Pin=Relay A-4
Added Net: Name=NetD3_1
Added Member To Class: ClassName=TM4C123GH6PMI Member=Component P? Header 2H
