Removed Pin From Net: NetName=GND Pin=J1-1
Removed Pin From Net: NetName=GND Pin=J1-3
Removed Pin From Net: NetName=NetF6_2 Pin=J1-4
Removed Pin From Net: NetName=GND Pin=J7-1
Removed Pin From Net: NetName=GND Pin=J7-3
Removed Pin From Net: NetName=NetF7_2 Pin=J7-4
Change Component Footprint: Designator=J1 Old Footprint=428202224 New Footprint=768250006
Change Component Footprint: Designator=J7 Old Footprint=428202224 New Footprint=768250006
Change Component Comment : Designator=J1 Old Comment=42820-2224 New Comment=768250006
Change Component Comment : Designator=J7 Old Comment=42820-2224 New Comment=768250006
Change component parameters: Designator = "J1"; Footprint = "768250006"; UniqueID = "\NJLNAJAD"
Change component parameters. Clean all parameters for all variants
Change component parameters (AddParameter): Name = "Arrow Part Number"; Value = ""; VariantName = "[No Variations]"
Change component parameters (AddParameter): Name = "Arrow Price/Stock"; Value = ""; VariantName = "[No Variations]"
Change component parameters (AddParameter): Name = "Datasheet Link"; Value = "https://www.molex.com/pdm_docs/sd/768250006_sd.pdf"; VariantName = "[No Variations]"
Change component parameters (AddParameter): Name = "Height"; Value = "14.53mm"; VariantName = "[No Variations]"
Change component parameters (AddParameter): Name = "Manufacturer_Name"; Value = "Molex"; VariantName = "[No Variations]"
Change component parameters (AddParameter): Name = "Manufacturer_Part_Number"; Value = "768250006"; VariantName = "[No Variations]"
Change component parameters (AddParameter): Name = "Mouser Part Number"; Value = ""; VariantName = "[No Variations]"
Change component parameters (AddParameter): Name = "Mouser Price/Stock"; Value = ""; VariantName = "[No Variations]"
Change component parameters: Designator = "J7"; Footprint = "768250006"; UniqueID = "\UJOVJJBY"
Change component parameters. Clean all parameters for all variants
Change component parameters (AddParameter): Name = "Arrow Part Number"; Value = ""; VariantName = "[No Variations]"
Change component parameters (AddParameter): Name = "Arrow Price/Stock"; Value = ""; VariantName = "[No Variations]"
Change component parameters (AddParameter): Name = "Datasheet Link"; Value = "https://www.molex.com/pdm_docs/sd/768250006_sd.pdf"; VariantName = "[No Variations]"
Change component parameters (AddParameter): Name = "Height"; Value = "14.53mm"; VariantName = "[No Variations]"
Change component parameters (AddParameter): Name = "Manufacturer_Name"; Value = "Molex"; VariantName = "[No Variations]"
Change component parameters (AddParameter): Name = "Manufacturer_Part_Number"; Value = "768250006"; VariantName = "[No Variations]"
Change component parameters (AddParameter): Name = "Mouser Part Number"; Value = ""; VariantName = "[No Variations]"
Change component parameters (AddParameter): Name = "Mouser Price/Stock"; Value = ""; VariantName = "[No Variations]"
Added Pin To Net: NetName=NetF6_2 Pin=J1-1
Added Pin To Net: NetName=NetF6_2 Pin=J1-3
Added Pin To Net: NetName=GND Pin=J1-4
Added Pin To Net: NetName=GND Pin=J1-5
Added Pin To Net: NetName=GND Pin=J1-6
Added Pin To Net: NetName=NetF7_2 Pin=J7-1
Added Pin To Net: NetName=NetF7_2 Pin=J7-3
Added Pin To Net: NetName=NetJ7_4 Pin=J7-4
Added Pin To Net: NetName=NetJ7_4 Pin=J7-5
Added Pin To Net: NetName=NetJ7_4 Pin=J7-6
Added Net: Name=NetJ7_4
