Removed Pin From Net: NetName=12V Pin=F2-1
Removed Pin From Net: NetName=Science Connector Pin=F2-2
Removed Pin From Net: NetName=12V Pin=F4-1
Removed Pin From Net: NetName=12V Pin=F5-1
Removed Pin From Net: NetName=CPU Connector Pin=F5-2
Removed Member From Class: ClassName=TM4C123GH6PMI Member=F4
Removed Member From Class: ClassName=TM4C123GH6PMI Member=F5
Change Component Footprint: Designator=F2 Old Footprint=FUSC3215X85N New Footprint=CONN_3557-2_KEY
Change Component Comment : Designator=F2 Old Comment=C1H-25 New Comment=3557-2
Change component parameters: Designator = "F2"; Footprint = "CONN_3557-2_KEY"; UniqueID = "\TCUTFEVC"
Change component parameters. Clean all parameters for all variants
Change component parameters (AddParameter): Name = "Built_By"; Value = "EMA_Cory"; VariantName = "[No Variations]"
Change component parameters (AddParameter): Name = "Copyright"; Value = "Copyright (C) 2018 Accelerated Designs. All rights reserved"; VariantName = "[No Variations]"
Change component parameters (AddParameter): Name = "Manufacturer_Part_Number"; Value = "3557-2"; VariantName = "[No Variations]"
Change component parameters (AddParameter): Name = "RefDes"; Value = "RefDes"; VariantName = "[No Variations]"
Change component parameters (AddParameter): Name = "SourceLibrary"; Value = "Keystone Electronics_Complete_2020-01-22"; VariantName = "[No Variations]"
Change component parameters (AddParameter): Name = "Type"; Value = "DEV"; VariantName = "[No Variations]"
Change component parameters (AddParameter): Name = "Vendor"; Value = "Keystone Electronics"; VariantName = "[No Variations]"
Added Component: Designator=F3(CONN_3557-2_KEY)
Add component. Clean all parameters for all variants
Add component (AddParameter): Name = "Built_By"; Value = "EMA_Cory"; VariantName = "[No Variations]"
Add component (AddParameter): Name = "Copyright"; Value = "Copyright (C) 2018 Accelerated Designs. All rights reserved"; VariantName = "[No Variations]"
Add component (AddParameter): Name = "Manufacturer_Part_Number"; Value = "3557-2"; VariantName = "[No Variations]"
Add component (AddParameter): Name = "RefDes"; Value = "RefDes"; VariantName = "[No Variations]"
Add component (AddParameter): Name = "SourceLibrary"; Value = "Keystone Electronics_Complete_2020-01-22"; VariantName = "[No Variations]"
Add component (AddParameter): Name = "Type"; Value = "DEV"; VariantName = "[No Variations]"
Add component (AddParameter): Name = "Vendor"; Value = "Keystone Electronics"; VariantName = "[No Variations]"
Added Component: Designator=F?(CONN_3557-2_KEY)
Add component. Clean all parameters for all variants
Add component (AddParameter): Name = "Built_By"; Value = "EMA_Cory"; VariantName = "[No Variations]"
Add component (AddParameter): Name = "Copyright"; Value = "Copyright (C) 2018 Accelerated Designs. All rights reserved"; VariantName = "[No Variations]"
Add component (AddParameter): Name = "Manufacturer_Part_Number"; Value = "3557-2"; VariantName = "[No Variations]"
Add component (AddParameter): Name = "RefDes"; Value = "RefDes"; VariantName = "[No Variations]"
Add component (AddParameter): Name = "SourceLibrary"; Value = "Keystone Electronics_Complete_2020-01-22"; VariantName = "[No Variations]"
Add component (AddParameter): Name = "Type"; Value = "DEV"; VariantName = "[No Variations]"
Add component (AddParameter): Name = "Vendor"; Value = "Keystone Electronics"; VariantName = "[No Variations]"
Added Pin To Net: NetName=CPU Connector Pin=F2-1
Added Pin To Net: NetName=CPU Connector Pin=F2-2
Added Pin To Net: NetName=12V Pin=F2-3
Added Pin To Net: NetName=12V Pin=F2-4
Added Pin To Net: NetName=Science Connector Pin=F3-1
Added Pin To Net: NetName=Science Connector Pin=F3-2
Added Pin To Net: NetName=12V Pin=F3-3
Added Pin To Net: NetName=12V Pin=F3-4
Added Pin To Net: NetName=12V Pin=F?-3
Added Pin To Net: NetName=12V Pin=F?-4
Added Pin To Net: NetName=GND Pin=J3-2
Added Pin To Net: NetName=NetF?_1 Pin=F?-1
Added Pin To Net: NetName=NetF?_1 Pin=F?-2
Added Pin To Net: NetName=NetF?_1 Pin=J4-1
Added Net: Name=NetF?_1
Added Member To Class: ClassName=TM4C123GH6PMI Member=Component F1 550mA
Added Member To Class: ClassName=TM4C123GH6PMI Member=Component F1 3557-2
Added Member To Class: ClassName=TM4C123GH6PMI Member=Component F3 3557-2
Added Member To Class: ClassName=TM4C123GH6PMI Member=Component F? 3557-2
